7zip
alsa-utils
amd-ucode
appmenu-gtk-module
arandr
autorandr
azure-cli
base
base-devel
bind
blueman
bluez
bluez-utils
bspwm
chromium
csvlens
dhcpcd
dialog
dnsmasq
docker
docker-buildx
docker-compose
dunst
efibootmgr
exfat-utils
fd
feh
ffmpegthumbnailer
firefox
fish
fprintd
fzf
gdb
gimp
git
github-cli
gnome-keyring
gparted
grub
grub-customizer
gspell
gtk4
gtk4-docs
gvfs
gvfs-mtp
gvfs-smb
htop
hwinfo
inkscape
jq
kitty
libldac
libvirt
lightdm
lightdm-gtk-greeter
lightdm-slick-greeter
linux
linux-firmware
lshw
lsof
lvm2
lxappearance
man-db
man-pages
mesa-utils
mousepad
mtr
ncdu
neofetch
neovim
net-tools
network-manager-applet
networkmanager
nitrogen
nmap
ntfs-3g
obsidian
os-prober
papirus-icon-theme
parallel
pavucontrol
pdftk
picom
playerctl
polkit-gnome
pre-commit
pulseaudio
pulseaudio-alsa
pulseaudio-bluetooth
pyenv
python-black
python-pipx
python-tox
qemu-full
qmk
qpdf
qt5ct
rclone
rofi
samba
shfmt
signal-desktop
sof-firmware
sshfs
strace
swtpm
sxhkd
tailscale
terminator
terraform
testdisk
thunar
thunar-archive-plugin
thunar-media-tags-plugin
thunar-shares-plugin
thunar-volman
tlp
tmux
tree
ttf-anonymous-pro
ttf-dejavu
ttf-firacode-nerd
ttf-liberation
tumbler
unixodbc
unrar
unzip
uv
virt-manager
vlc
vulkan-headers
webkit2gtk
wget
whois
wireshark-qt
wmname
xautolock
xclip
xdotool
xorg-server
xorg-xbacklight
xorg-xrdb
xorg-xwininfo
xsel
xterm
yarn
yq
zip
